<?xml version="1.0" encoding="UTF-8"?>
<!-- Generated by org.testng.reporters.JUnitReportReporter -->
<testsuite hostname="DESKTOP-41M7R0O" failures="0" tests="1" name="eCommerceShop.Amazon" time="86.248" errors="0" timestamp="2023-07-30T12:42:32 IST" skipped="0">
  <testcase classname="eCommerceShop.Amazon" name="AmazonShop" time="86.248"/>
  <system-out>
    <![CDATA[Opening AmazonShop]]>
  </system-out>
</testsuite> <!-- eCommerceShop.Amazon -->
